GROUP,PACKAGE,CLASS,INSTRUCTION_MISSED,INSTRUCTION_COVERED,BRANCH_MISSED,BRANCH_COVERED,LINE_MISSED,LINE_COVERED,COMPLEXITY_MISSED,COMPLEXITY_COVERED,METHOD_MISSED,METHOD_COVERED
ai-search,com.github.lstephen.ai.search.action,SequencedAction,125,0,6,0,22,0,10,0,7,0
ai-search,com.github.lstephen.ai.search,RepeatedHillClimbing.new Callable() {...},4,25,0,0,2,5,0,2,0,2
ai-search,com.github.lstephen.ai.search,RepeatedHillClimbing,17,76,0,2,6,17,0,5,0,4
ai-search,com.github.lstephen.ai.search,HillClimbing,0,93,0,4,0,24,0,9,0,7
ai-search,com.github.lstephen.ai.search,HillClimbing.Builder,0,46,0,0,0,15,0,10,0,10
