GROUP,PACKAGE,CLASS,INSTRUCTION_MISSED,INSTRUCTION_COVERED,BRANCH_MISSED,BRANCH_COVERED,LINE_MISSED,LINE_COVERED,COMPLEXITY_MISSED,COMPLEXITY_COVERED,METHOD_MISSED,METHOD_COVERED
ai-search,com.github.lstephen.ai.search.action,SequencedAction,122,0,8,0,24,0,10,0,6,0
ai-search,com.github.lstephen.ai.search,Validators,12,0,0,0,4,0,3,0,3,0
ai-search,com.github.lstephen.ai.search,RepeatedHillClimbing.new Callable() {...},29,0,0,0,7,0,2,0,2,0
ai-search,com.github.lstephen.ai.search,RepeatedHillClimbing,93,0,2,0,23,0,5,0,4,0
ai-search,com.github.lstephen.ai.search,HillClimbing,99,0,8,0,24,0,9,0,5,0
ai-search,com.github.lstephen.ai.search,HillClimbing.Builder,42,0,0,0,16,0,9,0,9,0
ai-search,com.github.lstephen.ai.search,Heuristics,9,0,0,0,3,0,2,0,2,0
